2024-11-27 14:49:28 INFO  DatabaseConfig - UUID extension enabled.
2024-11-27 14:49:28 INFO  DatabaseConfig - Users table created or already exists.
2024-11-27 14:49:28 INFO  DatabaseConfig - Passwords table created or already exists.
2024-11-27 14:49:28 INFO  DatabaseConfig - Database initialized successfully.
2024-11-27 14:49:47 ERROR UserService - Error during registration for email: vlds@lskj.ee
UserService$ServiceException: Password must contain at least one special character (!@#$%^&*).
	at UserService.validatePassword(UserService.java:35)
	at UserService.register(UserService.java:55)
	at PasswordManagerCLI.registerUser(PasswordManagerCLI.java:120)
	at PasswordManagerCLI.start(PasswordManagerCLI.java:62)
	at PasswordManagerCLI.main(PasswordManagerCLI.java:43)
2024-11-27 14:49:47 ERROR PasswordManagerCLI - Registration error for email vlds@lskj.ee: Password must contain at least one special character (!@#$%^&*).
UserService$ServiceException: Password must contain at least one special character (!@#$%^&*).
	at UserService.validatePassword(UserService.java:35)
	at UserService.register(UserService.java:55)
	at PasswordManagerCLI.registerUser(PasswordManagerCLI.java:120)
	at PasswordManagerCLI.start(PasswordManagerCLI.java:62)
	at PasswordManagerCLI.main(PasswordManagerCLI.java:43)
2024-11-27 15:02:13 INFO  DatabaseConfig - UUID extension enabled.
2024-11-27 15:02:13 INFO  DatabaseConfig - Users table created or already exists.
2024-11-27 15:02:13 INFO  DatabaseConfig - Passwords table created or already exists.
2024-11-27 15:02:13 INFO  DatabaseConfig - Database initialized successfully.
2024-11-27 15:03:52 ERROR UserService - Error during registration for email: vlad@eslg.ee
UserService$ServiceException: Password must contain at least one letter.
	at UserService.validatePassword(UserService.java:45)
	at UserService.register(UserService.java:71)
	at PasswordManagerCLI.registerUser(PasswordManagerCLI.java:120)
	at PasswordManagerCLI.start(PasswordManagerCLI.java:62)
	at PasswordManagerCLI.main(PasswordManagerCLI.java:43)
2024-11-27 15:03:52 ERROR PasswordManagerCLI - Registration error for email vlad@eslg.ee: Password must contain at least one letter.
UserService$ServiceException: Password must contain at least one letter.
	at UserService.validatePassword(UserService.java:45)
	at UserService.register(UserService.java:71)
	at PasswordManagerCLI.registerUser(PasswordManagerCLI.java:120)
	at PasswordManagerCLI.start(PasswordManagerCLI.java:62)
	at PasswordManagerCLI.main(PasswordManagerCLI.java:43)
2024-11-27 15:04:05 ERROR UserService - Error during registration for email: vlad@gsdg.eag
UserService$ServiceException: Password must contain at least one digit.
	at UserService.validatePassword(UserService.java:48)
	at UserService.register(UserService.java:71)
	at PasswordManagerCLI.registerUser(PasswordManagerCLI.java:120)
	at PasswordManagerCLI.start(PasswordManagerCLI.java:62)
	at PasswordManagerCLI.main(PasswordManagerCLI.java:43)
2024-11-27 15:04:05 ERROR PasswordManagerCLI - Registration error for email vlad@gsdg.eag: Password must contain at least one digit.
UserService$ServiceException: Password must contain at least one digit.
	at UserService.validatePassword(UserService.java:48)
	at UserService.register(UserService.java:71)
	at PasswordManagerCLI.registerUser(PasswordManagerCLI.java:120)
	at PasswordManagerCLI.start(PasswordManagerCLI.java:62)
	at PasswordManagerCLI.main(PasswordManagerCLI.java:43)
2024-11-27 15:04:24 ERROR UserService - Error during registration for email: awfw@leg.ee
UserService$ServiceException: Password must contain at least one special character (!@#$%^&*).
	at UserService.validatePassword(UserService.java:51)
	at UserService.register(UserService.java:71)
	at PasswordManagerCLI.registerUser(PasswordManagerCLI.java:120)
	at PasswordManagerCLI.start(PasswordManagerCLI.java:62)
	at PasswordManagerCLI.main(PasswordManagerCLI.java:43)
2024-11-27 15:04:24 ERROR PasswordManagerCLI - Registration error for email awfw@leg.ee: Password must contain at least one special character (!@#$%^&*).
UserService$ServiceException: Password must contain at least one special character (!@#$%^&*).
	at UserService.validatePassword(UserService.java:51)
	at UserService.register(UserService.java:71)
	at PasswordManagerCLI.registerUser(PasswordManagerCLI.java:120)
	at PasswordManagerCLI.start(PasswordManagerCLI.java:62)
	at PasswordManagerCLI.main(PasswordManagerCLI.java:43)
2024-11-27 15:04:38 INFO  UserService - User registered successfully with email: valwf@ksejg.ee
2024-11-27 15:04:38 INFO  PasswordManagerCLI - User registered successfully with email: valwf@ksejg.ee
2024-11-27 15:07:17 INFO  UserService - User registered successfully with email: user@.com
2024-11-27 15:07:17 INFO  PasswordManagerCLI - User registered successfully with email: user@.com
2024-11-27 15:09:01 INFO  DatabaseConfig - UUID extension enabled.
2024-11-27 15:09:01 INFO  DatabaseConfig - Users table created or already exists.
2024-11-27 15:09:01 INFO  DatabaseConfig - Passwords table created or already exists.
2024-11-27 15:09:01 INFO  DatabaseConfig - Database initialized successfully.
2024-11-27 15:09:45 INFO  DatabaseConfig - UUID extension enabled.
2024-11-27 15:09:45 INFO  DatabaseConfig - Users table created or already exists.
2024-11-27 15:09:45 INFO  DatabaseConfig - Passwords table created or already exists.
2024-11-27 15:09:45 INFO  DatabaseConfig - Database initialized successfully.
2024-11-27 15:10:35 ERROR UserRepository - Error while fetching user by email: user@.com
org.postgresql.util.PSQLException: ОШИБКА: отношение "users" не существует
  Position: 15
	at org.postgresql.core.v3.QueryExecutorImpl.receiveErrorResponse(QueryExecutorImpl.java:2733)
	at org.postgresql.core.v3.QueryExecutorImpl.processResults(QueryExecutorImpl.java:2420)
	at org.postgresql.core.v3.QueryExecutorImpl.execute(QueryExecutorImpl.java:372)
	at org.postgresql.jdbc.PgStatement.executeInternal(PgStatement.java:517)
	at org.postgresql.jdbc.PgStatement.execute(PgStatement.java:434)
	at org.postgresql.jdbc.PgPreparedStatement.executeWithFlags(PgPreparedStatement.java:194)
	at org.postgresql.jdbc.PgPreparedStatement.executeQuery(PgPreparedStatement.java:137)
	at UserRepository.findByEmail(UserRepository.java:45)
	at UserService.emailExists(UserService.java:161)
	at PasswordManagerCLI.registerUser(PasswordManagerCLI.java:114)
	at PasswordManagerCLI.start(PasswordManagerCLI.java:62)
	at PasswordManagerCLI.main(PasswordManagerCLI.java:43)
2024-11-27 15:10:52 INFO  DatabaseConfig - UUID extension enabled.
2024-11-27 15:10:52 INFO  DatabaseConfig - Users table created or already exists.
2024-11-27 15:10:52 INFO  DatabaseConfig - Passwords table created or already exists.
2024-11-27 15:10:52 INFO  DatabaseConfig - Database initialized successfully.
2024-11-27 15:11:03 ERROR UserService - Unexpected error during registration for email: user@.com
java.lang.Exception: Invalid email format.
	at UserService.validateEmail(UserService.java:46)
	at UserService.register(UserService.java:53)
	at PasswordManagerCLI.registerUser(PasswordManagerCLI.java:120)
	at PasswordManagerCLI.start(PasswordManagerCLI.java:62)
	at PasswordManagerCLI.main(PasswordManagerCLI.java:43)
2024-11-27 15:11:03 ERROR PasswordManagerCLI - Registration error for email user@.com: An unexpected error occurred. Please try again later.
UserService$ServiceException: An unexpected error occurred. Please try again later.
	at UserService.register(UserService.java:67)
	at PasswordManagerCLI.registerUser(PasswordManagerCLI.java:120)
	at PasswordManagerCLI.start(PasswordManagerCLI.java:62)
	at PasswordManagerCLI.main(PasswordManagerCLI.java:43)
2024-11-27 15:13:47 INFO  DatabaseConfig - UUID extension enabled.
2024-11-27 15:13:47 INFO  DatabaseConfig - Users table created or already exists.
2024-11-27 15:13:47 INFO  DatabaseConfig - Passwords table created or already exists.
2024-11-27 15:13:47 INFO  DatabaseConfig - Database initialized successfully.
2024-11-27 15:14:42 ERROR UserService - Unexpected error during registration for email: user@.com
java.lang.Exception: Invalid email format.
	at UserService.validateEmail(UserService.java:46)
	at UserService.register(UserService.java:53)
	at PasswordManagerCLI.registerUser(PasswordManagerCLI.java:120)
	at PasswordManagerCLI.start(PasswordManagerCLI.java:62)
	at PasswordManagerCLI.main(PasswordManagerCLI.java:43)
2024-11-27 15:14:42 ERROR PasswordManagerCLI - Registration error for email user@.com: An unexpected error occurred. Please try again later.
UserService$ServiceException: An unexpected error occurred. Please try again later.
	at UserService.register(UserService.java:67)
	at PasswordManagerCLI.registerUser(PasswordManagerCLI.java:120)
	at PasswordManagerCLI.start(PasswordManagerCLI.java:62)
	at PasswordManagerCLI.main(PasswordManagerCLI.java:43)
2024-11-27 15:14:55 ERROR UserService - Unexpected error during registration for email: user@example.com
java.lang.Exception: Invalid email format.
	at UserService.validateEmail(UserService.java:46)
	at UserService.register(UserService.java:53)
	at PasswordManagerCLI.registerUser(PasswordManagerCLI.java:120)
	at PasswordManagerCLI.start(PasswordManagerCLI.java:62)
	at PasswordManagerCLI.main(PasswordManagerCLI.java:43)
2024-11-27 15:14:55 ERROR PasswordManagerCLI - Registration error for email user@example.com: An unexpected error occurred. Please try again later.
UserService$ServiceException: An unexpected error occurred. Please try again later.
	at UserService.register(UserService.java:67)
	at PasswordManagerCLI.registerUser(PasswordManagerCLI.java:120)
	at PasswordManagerCLI.start(PasswordManagerCLI.java:62)
	at PasswordManagerCLI.main(PasswordManagerCLI.java:43)
2024-11-27 15:18:43 INFO  DatabaseConfig - UUID extension enabled.
2024-11-27 15:18:43 INFO  DatabaseConfig - Users table created or already exists.
2024-11-27 15:18:43 INFO  DatabaseConfig - Passwords table created or already exists.
2024-11-27 15:18:43 INFO  DatabaseConfig - Database initialized successfully.
2024-11-27 15:19:09 ERROR UserService - Unexpected error during registration for email: user@.com
java.lang.Exception: Invalid email format.
	at UserService.validateEmail(UserService.java:46)
	at UserService.register(UserService.java:53)
	at PasswordManagerCLI.registerUser(PasswordManagerCLI.java:120)
	at PasswordManagerCLI.start(PasswordManagerCLI.java:62)
	at PasswordManagerCLI.main(PasswordManagerCLI.java:43)
2024-11-27 15:19:09 ERROR PasswordManagerCLI - Registration error for email user@.com: An unexpected error occurred. Please try again later.
UserService$ServiceException: An unexpected error occurred. Please try again later.
	at UserService.register(UserService.java:67)
	at PasswordManagerCLI.registerUser(PasswordManagerCLI.java:120)
	at PasswordManagerCLI.start(PasswordManagerCLI.java:62)
	at PasswordManagerCLI.main(PasswordManagerCLI.java:43)
2024-11-27 15:19:20 ERROR UserService - Unexpected error during registration for email: user@domain.c
java.lang.Exception: Invalid email format.
	at UserService.validateEmail(UserService.java:46)
	at UserService.register(UserService.java:53)
	at PasswordManagerCLI.registerUser(PasswordManagerCLI.java:120)
	at PasswordManagerCLI.start(PasswordManagerCLI.java:62)
	at PasswordManagerCLI.main(PasswordManagerCLI.java:43)
2024-11-27 15:19:20 ERROR PasswordManagerCLI - Registration error for email user@domain.c: An unexpected error occurred. Please try again later.
UserService$ServiceException: An unexpected error occurred. Please try again later.
	at UserService.register(UserService.java:67)
	at PasswordManagerCLI.registerUser(PasswordManagerCLI.java:120)
	at PasswordManagerCLI.start(PasswordManagerCLI.java:62)
	at PasswordManagerCLI.main(PasswordManagerCLI.java:43)
2024-11-27 15:19:33 ERROR UserService - Unexpected error during registration for email: user@domain.com
java.lang.Exception: Invalid email format.
	at UserService.validateEmail(UserService.java:46)
	at UserService.register(UserService.java:53)
	at PasswordManagerCLI.registerUser(PasswordManagerCLI.java:120)
	at PasswordManagerCLI.start(PasswordManagerCLI.java:62)
	at PasswordManagerCLI.main(PasswordManagerCLI.java:43)
2024-11-27 15:19:33 ERROR PasswordManagerCLI - Registration error for email user@domain.com: An unexpected error occurred. Please try again later.
UserService$ServiceException: An unexpected error occurred. Please try again later.
	at UserService.register(UserService.java:67)
	at PasswordManagerCLI.registerUser(PasswordManagerCLI.java:120)
	at PasswordManagerCLI.start(PasswordManagerCLI.java:62)
	at PasswordManagerCLI.main(PasswordManagerCLI.java:43)
2024-11-27 15:20:44 ERROR UserService - Unexpected error during registration for email: vlad.malosev@gmail.com
java.lang.Exception: Invalid email format.
	at UserService.validateEmail(UserService.java:46)
	at UserService.register(UserService.java:53)
	at PasswordManagerCLI.registerUser(PasswordManagerCLI.java:120)
	at PasswordManagerCLI.start(PasswordManagerCLI.java:62)
	at PasswordManagerCLI.main(PasswordManagerCLI.java:43)
2024-11-27 15:20:44 ERROR PasswordManagerCLI - Registration error for email vlad.malosev@gmail.com: An unexpected error occurred. Please try again later.
UserService$ServiceException: An unexpected error occurred. Please try again later.
	at UserService.register(UserService.java:67)
	at PasswordManagerCLI.registerUser(PasswordManagerCLI.java:120)
	at PasswordManagerCLI.start(PasswordManagerCLI.java:62)
	at PasswordManagerCLI.main(PasswordManagerCLI.java:43)
2024-11-27 15:22:39 INFO  DatabaseConfig - UUID extension enabled.
2024-11-27 15:22:39 INFO  DatabaseConfig - Users table created or already exists.
2024-11-27 15:22:39 INFO  DatabaseConfig - Passwords table created or already exists.
2024-11-27 15:22:39 INFO  DatabaseConfig - Database initialized successfully.
2024-11-27 15:23:03 ERROR UserService - Unexpected error during registration for email: user@.com
java.lang.Exception: Invalid email format.
	at UserService.validateEmail(UserService.java:46)
	at UserService.register(UserService.java:53)
	at PasswordManagerCLI.registerUser(PasswordManagerCLI.java:120)
	at PasswordManagerCLI.start(PasswordManagerCLI.java:62)
	at PasswordManagerCLI.main(PasswordManagerCLI.java:43)
2024-11-27 15:23:03 ERROR PasswordManagerCLI - Registration error for email user@.com: An unexpected error occurred. Please try again later.
UserService$ServiceException: An unexpected error occurred. Please try again later.
	at UserService.register(UserService.java:67)
	at PasswordManagerCLI.registerUser(PasswordManagerCLI.java:120)
	at PasswordManagerCLI.start(PasswordManagerCLI.java:62)
	at PasswordManagerCLI.main(PasswordManagerCLI.java:43)
2024-11-27 15:23:18 ERROR UserService - Unexpected error during registration for email: user@domain.c
java.lang.Exception: Invalid email format.
	at UserService.validateEmail(UserService.java:46)
	at UserService.register(UserService.java:53)
	at PasswordManagerCLI.registerUser(PasswordManagerCLI.java:120)
	at PasswordManagerCLI.start(PasswordManagerCLI.java:62)
	at PasswordManagerCLI.main(PasswordManagerCLI.java:43)
2024-11-27 15:23:18 ERROR PasswordManagerCLI - Registration error for email user@domain.c: An unexpected error occurred. Please try again later.
UserService$ServiceException: An unexpected error occurred. Please try again later.
	at UserService.register(UserService.java:67)
	at PasswordManagerCLI.registerUser(PasswordManagerCLI.java:120)
	at PasswordManagerCLI.start(PasswordManagerCLI.java:62)
	at PasswordManagerCLI.main(PasswordManagerCLI.java:43)
2024-11-27 15:23:40 ERROR UserService - Unexpected error during registration for email: user@domain.com
java.lang.Exception: Invalid email format.
	at UserService.validateEmail(UserService.java:46)
	at UserService.register(UserService.java:53)
	at PasswordManagerCLI.registerUser(PasswordManagerCLI.java:120)
	at PasswordManagerCLI.start(PasswordManagerCLI.java:62)
	at PasswordManagerCLI.main(PasswordManagerCLI.java:43)
2024-11-27 15:23:40 ERROR PasswordManagerCLI - Registration error for email user@domain.com: An unexpected error occurred. Please try again later.
UserService$ServiceException: An unexpected error occurred. Please try again later.
	at UserService.register(UserService.java:67)
	at PasswordManagerCLI.registerUser(PasswordManagerCLI.java:120)
	at PasswordManagerCLI.start(PasswordManagerCLI.java:62)
	at PasswordManagerCLI.main(PasswordManagerCLI.java:43)
2024-11-27 15:25:35 INFO  DatabaseConfig - UUID extension enabled.
2024-11-27 15:25:35 INFO  DatabaseConfig - Users table created or already exists.
2024-11-27 15:25:35 INFO  DatabaseConfig - Passwords table created or already exists.
2024-11-27 15:25:35 INFO  DatabaseConfig - Database initialized successfully.
2024-11-27 15:30:42 INFO  DatabaseConfig - UUID extension enabled.
2024-11-27 15:30:42 INFO  DatabaseConfig - Users table created or already exists.
2024-11-27 15:30:42 INFO  DatabaseConfig - Passwords table created or already exists.
2024-11-27 15:30:42 INFO  DatabaseConfig - Database initialized successfully.
2024-11-27 15:31:03 INFO  UserService - User registered successfully with email: user@domain.com
2024-11-27 15:31:03 INFO  PasswordManagerCLI - User registered successfully with email: user@domain.com
2024-11-27 15:31:14 INFO  UserRepository - User found by email: user@domain.com
2024-11-27 15:32:42 ERROR UserService - Unexpected error during registration for email: user@domain.c
java.lang.Exception: Invalid email format.
	at UserService.validateEmail(UserService.java:51)
	at UserService.register(UserService.java:57)
	at PasswordManagerCLI.registerUser(PasswordManagerCLI.java:116)
	at PasswordManagerCLI.start(PasswordManagerCLI.java:61)
	at PasswordManagerCLI.main(PasswordManagerCLI.java:42)
2024-11-27 15:32:42 ERROR PasswordManagerCLI - Registration error for email user@domain.c: An unexpected error occurred. Please try again later.
UserService$ServiceException: An unexpected error occurred. Please try again later.
	at UserService.register(UserService.java:71)
	at PasswordManagerCLI.registerUser(PasswordManagerCLI.java:116)
	at PasswordManagerCLI.start(PasswordManagerCLI.java:61)
	at PasswordManagerCLI.main(PasswordManagerCLI.java:42)
2024-11-27 15:33:02 INFO  UserService - User registered successfully with email: user@domain..com
2024-11-27 15:33:02 INFO  PasswordManagerCLI - User registered successfully with email: user@domain..com
2024-11-27 15:33:28 ERROR UserService - Unexpected error during registration for email: user@@domain.com
java.lang.Exception: Invalid email format.
	at UserService.validateEmail(UserService.java:51)
	at UserService.register(UserService.java:57)
	at PasswordManagerCLI.registerUser(PasswordManagerCLI.java:116)
	at PasswordManagerCLI.start(PasswordManagerCLI.java:61)
	at PasswordManagerCLI.main(PasswordManagerCLI.java:42)
2024-11-27 15:33:28 ERROR PasswordManagerCLI - Registration error for email user@@domain.com: An unexpected error occurred. Please try again later.
UserService$ServiceException: An unexpected error occurred. Please try again later.
	at UserService.register(UserService.java:71)
	at PasswordManagerCLI.registerUser(PasswordManagerCLI.java:116)
	at PasswordManagerCLI.start(PasswordManagerCLI.java:61)
	at PasswordManagerCLI.main(PasswordManagerCLI.java:42)
2024-11-27 15:34:13 INFO  UserService - User registered successfully with email: user@vladik..com
2024-11-27 15:34:13 INFO  PasswordManagerCLI - User registered successfully with email: user@vladik..com
2024-11-27 15:36:29 ERROR UserRepository - Error while fetching user by email: user@domain..com
org.postgresql.util.PSQLException: ОШИБКА: отношение "users" не существует
  Position: 15
	at org.postgresql.core.v3.QueryExecutorImpl.receiveErrorResponse(QueryExecutorImpl.java:2733)
	at org.postgresql.core.v3.QueryExecutorImpl.processResults(QueryExecutorImpl.java:2420)
	at org.postgresql.core.v3.QueryExecutorImpl.execute(QueryExecutorImpl.java:372)
	at org.postgresql.jdbc.PgStatement.executeInternal(PgStatement.java:517)
	at org.postgresql.jdbc.PgStatement.execute(PgStatement.java:434)
	at org.postgresql.jdbc.PgPreparedStatement.executeWithFlags(PgPreparedStatement.java:194)
	at org.postgresql.jdbc.PgPreparedStatement.executeQuery(PgPreparedStatement.java:137)
	at UserRepository.findByEmail(UserRepository.java:45)
	at UserService.emailExists(UserService.java:165)
	at PasswordManagerCLI.registerUser(PasswordManagerCLI.java:110)
	at PasswordManagerCLI.start(PasswordManagerCLI.java:61)
	at PasswordManagerCLI.main(PasswordManagerCLI.java:42)
2024-11-27 15:36:38 INFO  DatabaseConfig - UUID extension enabled.
2024-11-27 15:36:38 INFO  DatabaseConfig - Users table created or already exists.
2024-11-27 15:36:38 INFO  DatabaseConfig - Passwords table created or already exists.
2024-11-27 15:36:38 INFO  DatabaseConfig - Database initialized successfully.
2024-11-27 15:36:47 ERROR UserService - Unexpected error during registration for email: user@domain..com
java.lang.Exception: Invalid email format.
	at UserService.validateEmail(UserService.java:52)
	at UserService.register(UserService.java:58)
	at PasswordManagerCLI.registerUser(PasswordManagerCLI.java:116)
	at PasswordManagerCLI.start(PasswordManagerCLI.java:61)
	at PasswordManagerCLI.main(PasswordManagerCLI.java:42)
2024-11-27 15:36:47 ERROR PasswordManagerCLI - Registration error for email user@domain..com: An unexpected error occurred. Please try again later.
UserService$ServiceException: An unexpected error occurred. Please try again later.
	at UserService.register(UserService.java:72)
	at PasswordManagerCLI.registerUser(PasswordManagerCLI.java:116)
	at PasswordManagerCLI.start(PasswordManagerCLI.java:61)
	at PasswordManagerCLI.main(PasswordManagerCLI.java:42)
2024-11-27 15:36:57 ERROR UserService - Unexpected error during registration for email: user@.com
java.lang.Exception: Invalid email format.
	at UserService.validateEmail(UserService.java:52)
	at UserService.register(UserService.java:58)
	at PasswordManagerCLI.registerUser(PasswordManagerCLI.java:116)
	at PasswordManagerCLI.start(PasswordManagerCLI.java:61)
	at PasswordManagerCLI.main(PasswordManagerCLI.java:42)
2024-11-27 15:36:57 ERROR PasswordManagerCLI - Registration error for email user@.com: An unexpected error occurred. Please try again later.
UserService$ServiceException: An unexpected error occurred. Please try again later.
	at UserService.register(UserService.java:72)
	at PasswordManagerCLI.registerUser(PasswordManagerCLI.java:116)
	at PasswordManagerCLI.start(PasswordManagerCLI.java:61)
	at PasswordManagerCLI.main(PasswordManagerCLI.java:42)
2024-11-27 15:37:52 ERROR UserService - Unexpected error during registration for email: user@domain
java.lang.Exception: Invalid email format.
	at UserService.validateEmail(UserService.java:52)
	at UserService.register(UserService.java:58)
	at PasswordManagerCLI.registerUser(PasswordManagerCLI.java:116)
	at PasswordManagerCLI.start(PasswordManagerCLI.java:61)
	at PasswordManagerCLI.main(PasswordManagerCLI.java:42)
2024-11-27 15:37:52 ERROR PasswordManagerCLI - Registration error for email user@domain: An unexpected error occurred. Please try again later.
UserService$ServiceException: An unexpected error occurred. Please try again later.
	at UserService.register(UserService.java:72)
	at PasswordManagerCLI.registerUser(PasswordManagerCLI.java:116)
	at PasswordManagerCLI.start(PasswordManagerCLI.java:61)
	at PasswordManagerCLI.main(PasswordManagerCLI.java:42)
2024-11-27 15:38:04 ERROR UserService - Unexpected error during registration for email: user@domain.c
java.lang.Exception: Invalid email format.
	at UserService.validateEmail(UserService.java:52)
	at UserService.register(UserService.java:58)
	at PasswordManagerCLI.registerUser(PasswordManagerCLI.java:116)
	at PasswordManagerCLI.start(PasswordManagerCLI.java:61)
	at PasswordManagerCLI.main(PasswordManagerCLI.java:42)
2024-11-27 15:38:04 ERROR PasswordManagerCLI - Registration error for email user@domain.c: An unexpected error occurred. Please try again later.
UserService$ServiceException: An unexpected error occurred. Please try again later.
	at UserService.register(UserService.java:72)
	at PasswordManagerCLI.registerUser(PasswordManagerCLI.java:116)
	at PasswordManagerCLI.start(PasswordManagerCLI.java:61)
	at PasswordManagerCLI.main(PasswordManagerCLI.java:42)
2024-11-27 15:38:14 INFO  UserService - User registered successfully with email: user@domain.com
2024-11-27 15:38:14 INFO  PasswordManagerCLI - User registered successfully with email: user@domain.com
2024-11-27 15:38:40 INFO  UserService - User registered successfully with email: us@gm.com
2024-11-27 15:38:40 INFO  PasswordManagerCLI - User registered successfully with email: us@gm.com
2024-11-27 15:44:04 INFO  UserRepository - User found by email: user@domain.com
2024-11-27 15:44:04 WARN  UserService - Login failed for email: user@domain.com
2024-11-27 15:44:04 WARN  PasswordManagerCLI - Failed login attempt for email: user@domain.com
2024-11-27 15:44:44 INFO  UserRepository - User found by email: user@domain.com
2024-11-27 15:44:44 INFO  UserService - Login successful for email: user@domain.com
2024-11-27 15:44:44 INFO  UserRepository - User found by email: user@domain.com
2024-11-27 15:50:41 INFO  UserRepository - User found by email: user@domain.com
2024-11-27 15:50:41 INFO  UserRepository - Password saved successfully for user: user@domain.com
2024-11-27 15:50:41 INFO  UserService - Password added for user email: user@domain.com
2024-11-27 15:56:47 INFO  UserRepository - Fetched 1 passwords for user: user@domain.com
2024-11-27 15:58:22 INFO  UserRepository - Fetched 1 passwords for user: user@domain.com
2024-11-27 16:02:15 INFO  PasswordManagerCLI - User logged in successfully: user@domain.com
